0 info it worked if it ends with ok
1 verbose cli [ 'E:\\nodejs\\\\node.exe',
1 verbose cli   'E:\\nodejs\\node_modules\\npm\\bin\\npm-cli.js',
1 verbose cli   'install',
1 verbose cli   'child_process',
1 verbose cli   '--save-dev' ]
2 info using npm@2.11.3
3 info using node@v0.12.7
4 verbose install initial load of D:\I See You\GotYou\app\package.json
5 verbose installManyTop reading scoped package data from D:\I See You\GotYou\app\node_modules\body-parser\package.json
6 verbose installManyTop reading scoped package data from D:\I See You\GotYou\app\node_modules\cheerio\package.json
7 verbose installManyTop reading scoped package data from D:\I See You\GotYou\app\node_modules\cookie-parser\package.json
8 verbose installManyTop reading scoped package data from D:\I See You\GotYou\app\node_modules\debug\package.json
9 verbose installManyTop reading scoped package data from D:\I See You\GotYou\app\node_modules\express\package.json
10 verbose installManyTop reading scoped package data from D:\I See You\GotYou\app\node_modules\gulp\package.json
11 verbose installManyTop reading scoped package data from D:\I See You\GotYou\app\node_modules\gulp-node-inspector\package.json
12 verbose installManyTop reading scoped package data from D:\I See You\GotYou\app\node_modules\gulp-nodemon\package.json
13 verbose installManyTop reading scoped package data from D:\I See You\GotYou\app\node_modules\jade\package.json
14 verbose installManyTop reading scoped package data from D:\I See You\GotYou\app\node_modules\morgan\package.json
15 verbose installManyTop reading scoped package data from D:\I See You\GotYou\app\node_modules\serve-favicon\package.json
16 verbose installManyTop reading scoped package data from D:\I See You\GotYou\app\node_modules\superagent\package.json
17 verbose readDependencies loading dependencies from D:\I See You\GotYou\app\package.json
18 silly cache add args [ 'child_process', null ]
19 verbose cache add spec child_process
20 silly cache add parsed spec { raw: 'child_process',
20 silly cache add   scope: null,
20 silly cache add   name: 'child_process',
20 silly cache add   rawSpec: '',
20 silly cache add   spec: '*',
20 silly cache add   type: 'range' }
21 silly addNamed child_process@*
22 verbose addNamed "*" is a valid semver range for child_process
23 silly addNameRange { name: 'child_process', range: '*', hasData: false }
24 silly mapToRegistry name child_process
25 silly mapToRegistry using default registry
26 silly mapToRegistry registry https://registry.npmjs.org/
27 silly mapToRegistry uri https://registry.npmjs.org/child_process
28 verbose addNameRange registry:https://registry.npmjs.org/child_process not in flight; fetching
29 verbose request uri https://registry.npmjs.org/child_process
30 verbose request no auth needed
31 info attempt registry request try #1 at 16:29:26
32 verbose request id 1547cd1367db6361
33 http request GET https://registry.npmjs.org/child_process
34 http 404 https://registry.npmjs.org/child_process
35 verbose headers { 'content-type': 'application/json',
35 verbose headers   'cache-control': 'max-age=0',
35 verbose headers   'content-length': '2',
35 verbose headers   'accept-ranges': 'bytes',
35 verbose headers   date: 'Tue, 26 Apr 2016 08:29:29 GMT',
35 verbose headers   via: '1.1 varnish',
35 verbose headers   age: '0',
35 verbose headers   connection: 'keep-alive',
35 verbose headers   'x-served-by': 'cache-lhr6323-LHR',
35 verbose headers   'x-cache': 'MISS',
35 verbose headers   'x-cache-hits': '0',
35 verbose headers   'x-timer': 'S1461659369.813090,VS0,VE90',
35 verbose headers   vary: 'Accept-Encoding' }
36 silly get cb [ 404,
36 silly get   { 'content-type': 'application/json',
36 silly get     'cache-control': 'max-age=0',
36 silly get     'content-length': '2',
36 silly get     'accept-ranges': 'bytes',
36 silly get     date: 'Tue, 26 Apr 2016 08:29:29 GMT',
36 silly get     via: '1.1 varnish',
36 silly get     age: '0',
36 silly get     connection: 'keep-alive',
36 silly get     'x-served-by': 'cache-lhr6323-LHR',
36 silly get     'x-cache': 'MISS',
36 silly get     'x-cache-hits': '0',
36 silly get     'x-timer': 'S1461659369.813090,VS0,VE90',
36 silly get     vary: 'Accept-Encoding' } ]
37 verbose stack Error: Registry returned 404 for GET on https://registry.npmjs.org/child_process
37 verbose stack     at CachingRegistryClient.<anonymous> (E:\nodejs\node_modules\npm\node_modules\npm-registry-client\lib\request.js:239:14)
37 verbose stack     at Request._callback (E:\nodejs\node_modules\npm\node_modules\npm-registry-client\lib\request.js:170:14)
37 verbose stack     at Request.self.callback (E:\nodejs\node_modules\npm\node_modules\request\request.js:354:22)
37 verbose stack     at Request.emit (events.js:110:17)
37 verbose stack     at Request.<anonymous> (E:\nodejs\node_modules\npm\node_modules\request\request.js:1207:14)
37 verbose stack     at Request.emit (events.js:129:20)
37 verbose stack     at IncomingMessage.<anonymous> (E:\nodejs\node_modules\npm\node_modules\request\request.js:1153:12)
37 verbose stack     at IncomingMessage.emit (events.js:129:20)
37 verbose stack     at _stream_readable.js:908:16
37 verbose stack     at process._tickCallback (node.js:355:11)
38 verbose statusCode 404
39 verbose pkgid child_process
40 verbose cwd D:\I See You\GotYou\app
41 error Windows_NT 6.1.7601
42 error argv "E:\\nodejs\\\\node.exe" "E:\\nodejs\\node_modules\\npm\\bin\\npm-cli.js" "install" "child_process" "--save-dev"
43 error node v0.12.7
44 error npm  v2.11.3
45 error code E404
46 error 404 Registry returned 404 for GET on https://registry.npmjs.org/child_process
46 error 404
46 error 404 'child_process' is not in the npm registry.
46 error 404 Your package name is not valid, because
46 error 404
46 error 404  1. child_process is a core module name
46 error 404 It was specified as a dependency of 'app'
46 error 404
46 error 404 Note that you can also install from a
46 error 404 tarball, folder, http url, or git url.
47 verbose exit [ 1, true ]
